# JRE version: OpenJDK Runtime Environment (8.0_242-b01) (build 1.8.0_242-release-1644-b01)
# Java VM: OpenJDK 64-Bit Server VM (25.242-b01 mixed mode windows-amd64 compressed oops)
Heap:
 PSYoungGen      total 220160K, used 155143K [0x00000000e0000000, 0x00000000f1580000, 0x0000000100000000)
  eden space 178688K, 69% used [0x00000000e0000000,0x00000000e78b4d70,0x00000000eae80000)
  from space 41472K, 76% used [0x00000000eae80000,0x00000000ecd4d200,0x00000000ed700000)
  to   space 43520K, 0% used [0x00000000eeb00000,0x00000000eeb00000,0x00000000f1580000)
 ParOldGen       total 357376K, used 66001K [0x00000000a0000000, 0x00000000b5d00000, 0x00000000e0000000)
  object space 357376K, 18% used [0x00000000a0000000,0x00000000a40746d8,0x00000000b5d00000)
 Metaspace       used 108634K, capacity 114804K, committed 114968K, reserved 1148928K
  class space    used 14084K, capacity 15325K, committed 15400K, reserved 1048576K
GC Heap History (10 events):
Event: 1284.014 GC heap before
{Heap before GC invocations=23 (full 4):
 PSYoungGen      total 179712K, used 139264K [0x00000000e0000000, 0x00000000ef380000, 0x0000000100000000)
  eden space 139264K, 100% used [0x00000000e0000000,0x00000000e8800000,0x00000000e8800000)
  from space 40448K, 0% used [0x00000000eb100000,0x00000000eb100000,0x00000000ed880000)
  to   space 41984K, 0% used [0x00000000e8800000,0x00000000e8800000,0x00000000eb100000)
 ParOldGen       total 357376K, used 65961K [0x00000000a0000000, 0x00000000b5d00000, 0x00000000e0000000)
  object space 357376K, 18% used [0x00000000a0000000,0x00000000a406a6d8,0x00000000b5d00000)
 Metaspace       used 92933K, capacity 97694K, committed 98712K, reserved 1134592K
  class space    used 11956K, capacity 12930K, committed 13224K, reserved 1048576K
Event: 1284.031 GC heap after
Heap after GC invocations=23 (full 4):
 PSYoungGen      total 181248K, used 10396K [0x00000000e0000000, 0x00000000ef080000, 0x0000000100000000)
  eden space 139264K, 0% used [0x00000000e0000000,0x00000000e0000000,0x00000000e8800000)
  from space 41984K, 24% used [0x00000000e8800000,0x00000000e9227328,0x00000000eb100000)
  to   space 41472K, 0% used [0x00000000ec800000,0x00000000ec800000,0x00000000ef080000)
 ParOldGen       total 357376K, used 65969K [0x00000000a0000000, 0x00000000b5d00000, 0x00000000e0000000)
  object space 357376K, 18% used [0x00000000a0000000,0x00000000a406c6d8,0x00000000b5d00000)
 Metaspace       used 92933K, capacity 97694K, committed 98712K, reserved 1134592K
  class space    used 11956K, capacity 12930K, committed 13224K, reserved 1048576K
}
Event: 1801.273 GC heap before
{Heap before GC invocations=24 (full 4):
 PSYoungGen      total 181248K, used 149660K [0x00000000e0000000, 0x00000000ef080000, 0x0000000100000000)
  eden space 139264K, 100% used [0x00000000e0000000,0x00000000e8800000,0x00000000e8800000)
  from space 41984K, 24% used [0x00000000e8800000,0x00000000e9227328,0x00000000eb100000)
  to   space 41472K, 0% used [0x00000000ec800000,0x00000000ec800000,0x00000000ef080000)
 ParOldGen       total 357376K, used 65969K [0x00000000a0000000, 0x00000000b5d00000, 0x00000000e0000000)
  object space 357376K, 18% used [0x00000000a0000000,0x00000000a406c6d8,0x00000000b5d00000)
 Metaspace       used 93930K, capacity 99072K, committed 99608K, reserved 1136640K
  class space    used 12104K, capacity 13169K, committed 13352K, reserved 1048576K
Event: 1801.288 GC heap after
Heap after GC invocations=24 (full 4):
 PSYoungGen      total 194560K, used 13951K [0x00000000e0000000, 0x00000000eea00000, 0x0000000100000000)
  eden space 159744K, 0% used [0x00000000e0000000,0x00000000e0000000,0x00000000e9c00000)
  from space 34816K, 40% used [0x00000000ec800000,0x00000000ed59fd90,0x00000000eea00000)
  to   space 39936K, 0% used [0x00000000e9c00000,0x00000000e9c00000,0x00000000ec300000)
 ParOldGen       total 357376K, used 65977K [0x00000000a0000000, 0x00000000b5d00000, 0x00000000e0000000)
  object space 357376K, 18% used [0x00000000a0000000,0x00000000a406e6d8,0x00000000b5d00000)
 Metaspace       used 93930K, capacity 99072K, committed 99608K, reserved 1136640K
  class space    used 12104K, capacity 13169K, committed 13352K, reserved 1048576K
}
Event: 1805.245 GC heap before
{Heap before GC invocations=25 (full 4):
 PSYoungGen      total 194560K, used 173695K [0x00000000e0000000, 0x00000000eea00000, 0x0000000100000000)
  eden space 159744K, 100% used [0x00000000e0000000,0x00000000e9c00000,0x00000000e9c00000)
  from space 34816K, 40% used [0x00000000ec800000,0x00000000ed59fd90,0x00000000eea00000)
  to   space 39936K, 0% used [0x00000000e9c00000,0x00000000e9c00000,0x00000000ec300000)
 ParOldGen       total 357376K, used 65977K [0x00000000a0000000, 0x00000000b5d00000, 0x00000000e0000000)
  object space 357376K, 18% used [0x00000000a0000000,0x00000000a406e6d8,0x00000000b5d00000)
 Metaspace       used 95702K, capacity 100846K, committed 101016K, reserved 1136640K
  class space    used 12317K, capacity 13344K, committed 13480K, reserved 1048576K
Event: 1805.270 GC heap after
Heap after GC invocations=25 (full 4):
 PSYoungGen      total 199680K, used 32524K [0x00000000e0000000, 0x00000000f0500000, 0x0000000100000000)
  eden space 159744K, 0% used [0x00000000e0000000,0x00000000e0000000,0x00000000e9c00000)
  from space 39936K, 81% used [0x00000000e9c00000,0x00000000ebbc3068,0x00000000ec300000)
  to   space 43008K, 0% used [0x00000000edb00000,0x00000000edb00000,0x00000000f0500000)
 ParOldGen       total 357376K, used 65985K [0x00000000a0000000, 0x00000000b5d00000, 0x00000000e0000000)
  object space 357376K, 18% used [0x00000000a0000000,0x00000000a40706d8,0x00000000b5d00000)
 Metaspace       used 95702K, capacity 100846K, committed 101016K, reserved 1136640K
  class space    used 12317K, capacity 13344K, committed 13480K, reserved 1048576K
}
Event: 1816.458 GC heap before
{Heap before GC invocations=26 (full 4):
 PSYoungGen      total 199680K, used 192268K [0x00000000e0000000, 0x00000000f0500000, 0x0000000100000000)
  eden space 159744K, 100% used [0x00000000e0000000,0x00000000e9c00000,0x00000000e9c00000)
  from space 39936K, 81% used [0x00000000e9c00000,0x00000000ebbc3068,0x00000000ec300000)
  to   space 43008K, 0% used [0x00000000edb00000,0x00000000edb00000,0x00000000f0500000)
 ParOldGen       total 357376K, used 65985K [0x00000000a0000000, 0x00000000b5d00000, 0x00000000e0000000)
  object space 357376K, 18% used [0x00000000a0000000,0x00000000a40706d8,0x00000000b5d00000)
 Metaspace       used 97712K, capacity 103176K, committed 103320K, reserved 1138688K
  class space    used 12561K, capacity 13665K, committed 13736K, reserved 1048576K
Event: 1816.485 GC heap after
Heap after GC invocations=26 (full 4):
 PSYoungGen      total 216064K, used 21368K [0x00000000e0000000, 0x00000000eff80000, 0x0000000100000000)
  eden space 178688K, 0% used [0x00000000e0000000,0x00000000e0000000,0x00000000eae80000)
  from space 37376K, 57% used [0x00000000edb00000,0x00000000eefde338,0x00000000eff80000)
  to   space 41472K, 0% used [0x00000000eae80000,0x00000000eae80000,0x00000000ed700000)
 ParOldGen       total 357376K, used 65993K [0x00000000a0000000, 0x00000000b5d00000, 0x00000000e0000000)
  object space 357376K, 18% used [0x00000000a0000000,0x00000000a40726d8,0x00000000b5d00000)
 Metaspace       used 97712K, capacity 103176K, committed 103320K, reserved 1138688K
  class space    used 12561K, capacity 13665K, committed 13736K, reserved 1048576K
}
Event: 1833.473 GC heap before
{Heap before GC invocations=27 (full 4):
 PSYoungGen      total 216064K, used 200045K [0x00000000e0000000, 0x00000000eff80000, 0x0000000100000000)
  eden space 178688K, 99% used [0x00000000e0000000,0x00000000eae7d180,0x00000000eae80000)
  from space 37376K, 57% used [0x00000000edb00000,0x00000000eefde338,0x00000000eff80000)
  to   space 41472K, 0% used [0x00000000eae80000,0x00000000eae80000,0x00000000ed700000)
 ParOldGen       total 357376K, used 65993K [0x00000000a0000000, 0x00000000b5d00000, 0x00000000e0000000)
  object space 357376K, 18% used [0x00000000a0000000,0x00000000a40726d8,0x00000000b5d00000)
 Metaspace       used 104782K, capacity 110444K, committed 110744K, reserved 1144832K
  class space    used 13520K, capacity 14665K, committed 14760K, reserved 1048576K
Event: 1833.507 GC heap after
Heap after GC invocations=27 (full 4):
 PSYoungGen      total 220160K, used 31540K [0x00000000e0000000, 0x00000000f1580000, 0x0000000100000000)
  eden space 178688K, 0% used [0x00000000e0000000,0x00000000e0000000,0x00000000eae80000)
  from space 41472K, 76% used [0x00000000eae80000,0x00000000ecd4d200,0x00000000ed700000)
  to   space 43520K, 0% used [0x00000000eeb00000,0x00000000eeb00000,0x00000000f1580000)
 ParOldGen       total 357376K, used 66001K [0x00000000a0000000, 0x00000000b5d00000, 0x00000000e0000000)
  object space 357376K, 18% used [0x00000000a0000000,0x00000000a40746d8,0x00000000b5d00000)
 Metaspace       used 104782K, capacity 110444K, committed 110744K, reserved 1144832K
  class space    used 13520K, capacity 14665K, committed 14760K, reserved 1048576K
}

